<?xml version="1.0" encoding="UTF-8"?>
<coverage generated="1658852059273" clover="3.2.0">
  <project timestamp="1658852059273" name="All files">
    <metrics statements="17" coveredstatements="12" conditionals="7" coveredconditionals="4" methods="3" coveredmethods="2" elements="27" coveredelements="18" complexity="0" loc="17" ncloc="17" packages="1" files="1" classes="1"/>
    <file name="InputField.vue" path="/Users/elylucas/projects/cypresstestapps/vue3-cli-code-coverage/src/components/InputField.vue">
      <metrics statements="17" coveredstatements="12" conditionals="7" coveredconditionals="4" methods="3" coveredmethods="2"/>
      <line num="2" count="3" type="cond" truecount="3" falsecount="0"/>
      <line num="3" count="6" type="cond" truecount="1" falsecount="1"/>
      <line num="4" count="0" type="stmt"/>
      <line num="5" count="0" type="stmt"/>
      <line num="6" count="0" type="cond" truecount="0" falsecount="2"/>
      <line num="7" count="0" type="stmt"/>
      <line num="9" count="0" type="stmt"/>
      <line num="11" count="6" type="stmt"/>
      <line num="13" count="3" type="stmt"/>
      <line num="14" count="3" type="stmt"/>
      <line num="15" count="3" type="stmt"/>
      <line num="18" count="3" type="stmt"/>
      <line num="24" count="5" type="stmt"/>
      <line num="25" count="5" type="stmt"/>
      <line num="26" count="5" type="stmt"/>
      <line num="27" count="5" type="stmt"/>
      <line num="28" count="5" type="stmt"/>
    </file>
  </project>
</coverage>
